[     278ms] [INFO] %cDownload the React DevTools for a better development experience: https://react.dev/link/react-devtools font-weight:bold @ http://localhost:3456/_next/static/chunks/node_modules_next_dist_115brz8._.js:2477
[     306ms] [LOG] [HMR] connected @ http://localhost:3456/_next/static/chunks/node_modules_next_dist_115brz8._.js:2477
[   80588ms] [LOG] [Fast Refresh] rebuilding @ http://localhost:3456/_next/static/chunks/node_modules_next_dist_115brz8._.js:2477
[   80869ms] [LOG] [Fast Refresh] done in 381ms @ http://localhost:3456/_next/static/chunks/node_modules_next_dist_115brz8._.js:2477
[   94805ms] [LOG] [Fast Refresh] rebuilding @ http://localhost:3456/_next/static/chunks/node_modules_next_dist_115brz8._.js:2477
[  253265ms] [ERROR] Failed to load resource: the server responded with a status of 404 (Not Found) @ http://localhost:3456/_next/static/media/lxgwwenkai-bold-subset-119.0tcagg3xr85lw.woff2:0
[  253266ms] [ERROR] Failed to load resource: the server responded with a status of 404 (Not Found) @ http://localhost:3456/_next/static/media/lxgwwenkai-regular-subset-105.03_.pwsc4jg6k.woff2:0
[  253267ms] [ERROR] Failed to load resource: the server responded with a status of 404 (Not Found) @ http://localhost:3456/_next/static/media/lxgwwenkai-bold-subset-109.0c8esh5vsi_mw.woff2:0
[  253280ms] [ERROR] Failed to load resource: the server responded with a status of 404 (Not Found) @ http://localhost:3456/_next/static/media/lxgwwenkai-bold-subset-115.09uz~wcq4k4.5.woff2:0
[  253280ms] [ERROR] Failed to load resource: the server responded with a status of 404 (Not Found) @ http://localhost:3456/_next/static/media/lxgwwenkai-regular-subset-107.03mbqpwakt6l9.woff2:0
[  253280ms] [ERROR] Failed to load resource: the server responded with a status of 404 (Not Found) @ http://localhost:3456/_next/static/media/lxgwwenkai-regular-subset-104.0s-vt6~jv.f7z.woff2:0
[  253280ms] [ERROR] Failed to load resource: the server responded with a status of 404 (Not Found) @ http://localhost:3456/_next/static/media/lxgwwenkai-bold-subset-117.0p4oynh7vmmtp.woff2:0
[  253281ms] [ERROR] Failed to load resource: the server responded with a status of 404 (Not Found) @ http://localhost:3456/_next/static/media/lxgwwenkai-regular-subset-81.0d7ii~ti6h97f.woff2:0
[  253281ms] [ERROR] Failed to load resource: the server responded with a status of 404 (Not Found) @ http://localhost:3456/_next/static/media/lxgwwenkai-regular-subset-52.10jd1p0f~-fa8.woff2:0
[  253281ms] [ERROR] Failed to load resource: the server responded with a status of 404 (Not Found) @ http://localhost:3456/_next/static/media/lxgwwenkai-regular-subset-60.0wo8w2ite-ye~.woff2:0
[  253281ms] [ERROR] Failed to load resource: the server responded with a status of 404 (Not Found) @ http://localhost:3456/_next/static/media/lxgwwenkai-regular-subset-106.0dpg6ipa_tg4l.woff2:0
[  253281ms] [ERROR] Failed to load resource: the server responded with a status of 404 (Not Found) @ http://localhost:3456/_next/static/media/lxgwwenkai-regular-subset-100.0x2ihu6td1h.8.woff2:0
[  253281ms] [ERROR] Failed to load resource: the server responded with a status of 404 (Not Found) @ http://localhost:3456/_next/static/media/lxgwwenkai-regular-subset-73.0336qzpm-gj8-.woff2:0
[  253294ms] [ERROR] Failed to load resource: the server responded with a status of 404 (Not Found) @ http://localhost:3456/_next/static/media/lxgwwenkai-regular-subset-80.0ln8sjk-u6ezz.woff2:0
[  253294ms] [ERROR] Failed to load resource: the server responded with a status of 404 (Not Found) @ http://localhost:3456/_next/static/media/lxgwwenkai-regular-subset-50.0zbmm5dv~7-o4.woff2:0
[  253294ms] [ERROR] Failed to load resource: the server responded with a status of 404 (Not Found) @ http://localhost:3456/_next/static/media/lxgwwenkai-bold-subset-113.0pw260evsxj73.woff2:0
[  253294ms] [ERROR] Failed to load resource: the server responded with a status of 404 (Not Found) @ http://localhost:3456/_next/static/media/lxgwwenkai-regular-subset-85.0edfkzjd0fpl3.woff2:0
[  253294ms] [ERROR] Failed to load resource: the server responded with a status of 404 (Not Found) @ http://localhost:3456/_next/static/media/lxgwwenkai-regular-subset-49.0seckjt0bai2b.woff2:0
[  253294ms] [ERROR] Failed to load resource: the server responded with a status of 404 (Not Found) @ http://localhost:3456/_next/static/media/lxgwwenkai-bold-subset-110.0_ur1lfeyrm4a.woff2:0
[  253306ms] [ERROR] Failed to load resource: the server responded with a status of 404 (Not Found) @ http://localhost:3456/_next/static/media/lxgwwenkai-regular-subset-76.05rwk513blk_-.woff2:0
[  253307ms] [ERROR] Failed to load resource: the server responded with a status of 404 (Not Found) @ http://localhost:3456/_next/static/media/lxgwwenkai-regular-subset-68.0npqh90skub9n.woff2:0
[  253307ms] [ERROR] Failed to load resource: the server responded with a status of 404 (Not Found) @ http://localhost:3456/_next/static/media/lxgwwenkai-regular-subset-44.0fvc1t39h2.pz.woff2:0
[  253307ms] [ERROR] Failed to load resource: the server responded with a status of 404 (Not Found) @ http://localhost:3456/_next/static/media/lxgwwenkai-bold-subset-111.08bl~mkmf43af.woff2:0
[  253307ms] [ERROR] Failed to load resource: the server responded with a status of 404 (Not Found) @ http://localhost:3456/_next/static/media/lxgwwenkai-bold-subset-105.0lsyvzn_wwon3.woff2:0
[  253307ms] [ERROR] Failed to load resource: the server responded with a status of 404 (Not Found) @ http://localhost:3456/_next/static/media/lxgwwenkai-bold-subset-103.11~a78dgheopd.woff2:0
[  253307ms] [ERROR] Failed to load resource: the server responded with a status of 404 (Not Found) @ http://localhost:3456/_next/static/media/lxgwwenkai-regular-subset-59.0jy0d533jo~nb.woff2:0
[  253307ms] [ERROR] Failed to load resource: the server responded with a status of 404 (Not Found) @ http://localhost:3456/_next/static/media/lxgwwenkai-regular-subset-61.0s0jg_gq~g.ni.woff2:0
[  253307ms] [ERROR] Failed to load resource: the server responded with a status of 404 (Not Found) @ http://localhost:3456/_next/static/media/lxgwwenkai-bold-subset-107.0papypna7cvdk.woff2:0
[  269034ms] [ERROR] WebSocket connection to 'ws://localhost:3456/_next/webpack-hmr?id=AEELAAhyDnmOtMndKJ_db' failed: Error in connection establishment: net::ERR_CONNECTION_REFUSED @ http://localhost:3456/_next/static/chunks/node_modules_next_dist_client_0fhqo1d._.js:13322
[  270036ms] [ERROR] WebSocket connection to 'ws://localhost:3456/_next/webpack-hmr?id=AEELAAhyDnmOtMndKJ_db' failed: Error in connection establishment: net::ERR_CONNECTION_REFUSED @ http://localhost:3456/_next/static/chunks/node_modules_next_dist_client_0fhqo1d._.js:13322
[  271037ms] [ERROR] WebSocket connection to 'ws://localhost:3456/_next/webpack-hmr?id=AEELAAhyDnmOtMndKJ_db' failed: Error in connection establishment: net::ERR_CONNECTION_REFUSED @ http://localhost:3456/_next/static/chunks/node_modules_next_dist_client_0fhqo1d._.js:13322
[  272039ms] [ERROR] WebSocket connection to 'ws://localhost:3456/_next/webpack-hmr?id=AEELAAhyDnmOtMndKJ_db' failed: Error in connection establishment: net::ERR_CONNECTION_REFUSED @ http://localhost:3456/_next/static/chunks/node_modules_next_dist_client_0fhqo1d._.js:13322
[  273041ms] [ERROR] WebSocket connection to 'ws://localhost:3456/_next/webpack-hmr?id=AEELAAhyDnmOtMndKJ_db' failed: Error in connection establishment: net::ERR_CONNECTION_REFUSED @ http://localhost:3456/_next/static/chunks/node_modules_next_dist_client_0fhqo1d._.js:13322
[  278045ms] [ERROR] WebSocket connection to 'ws://localhost:3456/_next/webpack-hmr?id=AEELAAhyDnmOtMndKJ_db' failed: Error in connection establishment: net::ERR_CONNECTION_REFUSED @ http://localhost:3456/_next/static/chunks/node_modules_next_dist_client_0fhqo1d._.js:13322
[  283053ms] [ERROR] WebSocket connection to 'ws://localhost:3456/_next/webpack-hmr?id=AEELAAhyDnmOtMndKJ_db' failed: Error in connection establishment: net::ERR_CONNECTION_REFUSED @ http://localhost:3456/_next/static/chunks/node_modules_next_dist_client_0fhqo1d._.js:13322
[  288069ms] [ERROR] WebSocket connection to 'ws://localhost:3456/_next/webpack-hmr?id=AEELAAhyDnmOtMndKJ_db' failed: Error in connection establishment: net::ERR_CONNECTION_REFUSED @ http://localhost:3456/_next/static/chunks/node_modules_next_dist_client_0fhqo1d._.js:13322
[  293093ms] [ERROR] WebSocket connection to 'ws://localhost:3456/_next/webpack-hmr?id=AEELAAhyDnmOtMndKJ_db' failed: Error in connection establishment: net::ERR_CONNECTION_REFUSED @ http://localhost:3456/_next/static/chunks/node_modules_next_dist_client_0fhqo1d._.js:13322
[  298143ms] [ERROR] WebSocket connection to 'ws://localhost:3456/_next/webpack-hmr?id=AEELAAhyDnmOtMndKJ_db' failed: Error in connection establishment: net::ERR_CONNECTION_REFUSED @ http://localhost:3456/_next/static/chunks/node_modules_next_dist_client_0fhqo1d._.js:13322
[  303186ms] [ERROR] WebSocket connection to 'ws://localhost:3456/_next/webpack-hmr?id=AEELAAhyDnmOtMndKJ_db' failed: Error in connection establishment: net::ERR_CONNECTION_REFUSED @ http://localhost:3456/_next/static/chunks/node_modules_next_dist_client_0fhqo1d._.js:13322
[  308373ms] [ERROR] WebSocket connection to 'ws://localhost:3456/_next/webpack-hmr?id=AEELAAhyDnmOtMndKJ_db' failed: Error in connection establishment: net::ERR_CONNECTION_REFUSED @ http://localhost:3456/_next/static/chunks/node_modules_next_dist_client_0fhqo1d._.js:13322
